<?xml version="1.0" encoding="UTF-8"?>
<!-- Generated by org.testng.reporters.JUnitXMLReporter -->
<testsuite hostname="DESKTOP-NFGNPNE" ignored="0" name="Test" tests="3" failures="0" timestamp="10 Jun 2022 13:27:11 GMT" time="0.833" errors="0">
  <testcase name="login" time="0.012" classname="com.ada.DataProvoiderExcel"/>
  <testcase name="login" time="0.005" classname="com.ada.DataProvoiderExcel"/>
  <testcase name="login" time="0.006" classname="com.ada.DataProvoiderExcel"/>
</testsuite> <!-- Test -->
